<?xml version="1.0" encoding="UTF-8"?>
<!-- Generated by org.testng.reporters.JUnitReportReporter -->
<testsuite hostname="LAPTOP-EATKDIKF" failures="0" tests="1" name="TestCases.verifySignUp" time="16.713" errors="0" timestamp="2022-04-14T17:06:21 IST" skipped="0">
  <testcase classname="TestCases.verifySignUp" name="enterfields" time="16.713"/>
  <system-out/>
</testsuite> <!-- TestCases.verifySignUp -->
