<?xml version="1.0" encoding="UTF-8"?>
<!-- Generated by org.testng.reporters.JUnitReportReporter -->
<testsuite hostname="LAPTOP-EATKDIKF" failures="0" tests="2" name="TestCases.verifySignIn" time="12.019" errors="0" timestamp="2022-04-14T17:53:17 IST" skipped="0">
  <testcase classname="TestCases.verifySignIn" name="entervalue" time="6.596"/>
  <system-out/>
  <testcase classname="TestCases.verifySignIn" name="entervalue" time="5.423"/>
  <system-out/>
</testsuite> <!-- TestCases.verifySignIn -->
